<?xml version="1.0" encoding="UTF-8"?>
<testng-results skipped="0" failed="0" total="1" passed="1">
  <reporter-output>
  </reporter-output>
  <suite name="Default suite" duration-ms="21577" started-at="2020-02-20T04:49:45Z" finished-at="2020-02-20T04:50:06Z">
    <groups>
    </groups>
    <test name="Default test" duration-ms="21577" started-at="2020-02-20T04:49:45Z" finished-at="2020-02-20T04:50:06Z">
      <class name="driverScript.AppTest">
        <test-method status="PASS" signature="f1()[pri:0, instance:driverScript.AppTest@4f7d0008]" name="f1" duration-ms="21541" started-at="2020-02-20T10:19:45Z" finished-at="2020-02-20T10:20:06Z">
          <reporter-output>
          </reporter-output>
        </test-method> <!-- f1 -->
      </class> <!-- driverScript.AppTest -->
    </test> <!-- Default test -->
  </suite> <!-- Default suite -->
</testng-results>
